Using pre-set license
Built from '2020.3/staging' branch; Version is '2020.3.11f1 (99c7afb366b3) revision 10078127'; Using compiler version '192528614'; Build Type 'Release'
OS: 'Windows 10 Education; OS build 19043.1466; Version 2009; 64bit' Language: 'en' Physical Memory: 32706 MB
BatchMode: 1, IsHumanControllingUs: 0, StartBugReporterOnCrash: 0, Is64bit: 1, IsPro: 0

 COMMAND LINE ARGUMENTS:
D:\Unity Projects\2020.3.11f1\Editor\Unity.exe
-adb2
-batchMode
-noUpm
-name
AssetImportWorker0
-projectPath
D:/Unity Projects/BetaJester Tech Test/CharacterCustomiser
-logFile
Logs/AssetImportWorker0.log
-srvPort
57985
Successfully changed project path to: D:/Unity Projects/BetaJester Tech Test/CharacterCustomiser
D:/Unity Projects/BetaJester Tech Test/CharacterCustomiser
Using Asset Import Pipeline V2.
Refreshing native plugins compatible for Editor in 24.47 ms, found 2 plugins.
Preloading 0 native plugins for Editor in 0.00 ms.
Initialize engine version: 2020.3.11f1 (99c7afb366b3)
[Subsystems] Discovering subsystems at path D:/Unity Projects/2020.3.11f1/Editor/Data/Resources/UnitySubsystems
[Subsystems] Discovering subsystems at path D:/Unity Projects/BetaJester Tech Test/CharacterCustomiser/Assets
GfxDevice: creating device client; threaded=0
Direct3D:
    Version:  Direct3D 11.0 [level 11.1]
    Renderer: NVIDIA GeForce RTX 2080 (ID=0x1e82)
    Vendor:   
    VRAM:     8010 MB
    Driver:   27.21.14.6079
Initialize mono
Mono path[0] = 'D:/Unity Projects/2020.3.11f1/Editor/Data/Managed'
Mono path[1] = 'D:/Unity Projects/2020.3.11f1/Editor/Data/MonoBleedingEdge/lib/mono/unityjit'
Mono config path = 'D:/Unity Projects/2020.3.11f1/Editor/Data/MonoBleedingEdge/etc'
Using monoOptions --debugger-agent=transport=dt_socket,embedding=1,server=y,suspend=n,address=127.0.0.1:56396
Begin MonoManager ReloadAssembly
Registering precompiled unity dll's ...
Register platform support module: D:/Unity Projects/2020.3.11f1/Editor/Data/PlaybackEngines/WebGLSupport/UnityEditor.WebGL.Extensions.dll
Register platform support module: D:/Unity Projects/2020.3.11f1/Editor/Data/PlaybackEngines/WindowsStandaloneSupport/UnityEditor.WindowsStandalone.Extensions.dll
Registered in 0.001063 seconds.
Native extension for WindowsStandalone target not found
Native extension for WebGL target not found
Refreshing native plugins compatible for Editor in 22.82 ms, found 2 plugins.
Preloading 0 native plugins for Editor in 0.00 ms.
Mono: successfully reloaded assembly
- Completed reload, in  0.784 seconds
Platform modules already initialized, skipping
Registering precompiled user dll's ...
Registered in 0.002430 seconds.
Begin MonoManager ReloadAssembly
Native extension for WindowsStandalone target not found
Native extension for WebGL target not found
Refreshing native plugins compatible for Editor in 0.28 ms, found 2 plugins.
Preloading 0 native plugins for Editor in 0.00 ms.
Mono: successfully reloaded assembly
- Completed reload, in  0.816 seconds
Platform modules already initialized, skipping
========================================================================
Worker process is ready to serve import requests
Launched and connected shader compiler UnityShaderCompiler.exe after 0.05 seconds
Refreshing native plugins compatible for Editor in 0.28 ms, found 2 plugins.
Preloading 0 native plugins for Editor in 0.00 ms.
Unloading 1426 Unused Serialized files (Serialized files now loaded: 0)
System memory in use before: 65.7 MB.
System memory in use after: 65.8 MB.

Unloading 18 unused Assets to reduce memory usage. Loaded Objects now: 1860.
Total: 1.707500 ms (FindLiveObjects: 0.104500 ms CreateObjectMapping: 0.031400 ms MarkObjects: 1.516000 ms  DeleteObjects: 0.054700 ms)

========================================================================
Received Import Request.
  path: Assets/Triangle.png
  artifactKey: Guid(38525c35461e39c4c97ef70b7d98602d) Importer(815301076,1909f56bfc062723c751e8b465ee728b)
Start importing Assets/Triangle.png using Guid(38525c35461e39c4c97ef70b7d98602d) Importer(815301076,1909f56bfc062723c751e8b465ee728b)  -> (artifact id: 'ffed65d15547df15445b90805e4d0d1a') in 0.084982 seconds
  Import took 0.086841 seconds .

========================================================================
Received Import Request.
  Time since last request: 4.333448 seconds.
  path: Assets/_Scripts
  artifactKey: Guid(d88778c0490d1ab4eadf40a67764e47e) Importer(815301076,1909f56bfc062723c751e8b465ee728b)
Start importing Assets/_Scripts using Guid(d88778c0490d1ab4eadf40a67764e47e) Importer(815301076,1909f56bfc062723c751e8b465ee728b)  -> (artifact id: '3d791cbf059d1a8544aab502ee37acac') in 0.004617 seconds
  Import took 0.006429 seconds .

========================================================================
Received Import Request.
  Time since last request: 0.007202 seconds.
  path: Assets/_Scripts
  artifactKey: Guid(d88778c0490d1ab4eadf40a67764e47e) Importer(815301076,1909f56bfc062723c751e8b465ee728b)
Start importing Assets/_Scripts using Guid(d88778c0490d1ab4eadf40a67764e47e) Importer(815301076,1909f56bfc062723c751e8b465ee728b)  -> (artifact id: '3d791cbf059d1a8544aab502ee37acac') in 0.001159 seconds
  Import took 0.003419 seconds .

========================================================================
Received Import Request.
  Time since last request: 2.145103 seconds.
  path: Assets/Scenes
  artifactKey: Guid(64360ac2227d86f4882796f8f8cdf60d) Importer(815301076,1909f56bfc062723c751e8b465ee728b)
Start importing Assets/Scenes using Guid(64360ac2227d86f4882796f8f8cdf60d) Importer(815301076,1909f56bfc062723c751e8b465ee728b)  -> (artifact id: 'a9646430721081194d38b3bb6e32f766') in 0.004741 seconds
  Import took 0.006696 seconds .

========================================================================
Received Import Request.
  Time since last request: 0.875260 seconds.
  path: Assets/Scenes/SampleScene.unity
  artifactKey: Guid(9fc0d4010bbf28b4594072e72b8655ab) Importer(815301076,1909f56bfc062723c751e8b465ee728b)
Start importing Assets/Scenes/SampleScene.unity using Guid(9fc0d4010bbf28b4594072e72b8655ab) Importer(815301076,1909f56bfc062723c751e8b465ee728b)  -> (artifact id: '96f3cab760f2126e8bbc8a3aadad9b1a') in 0.004399 seconds
  Import took 0.006490 seconds .

========================================================================
Received Import Request.
  Time since last request: 0.000662 seconds.
  path: Assets/Scenes/SampleScene.unity
  artifactKey: Guid(9fc0d4010bbf28b4594072e72b8655ab) Importer(815301076,1909f56bfc062723c751e8b465ee728b)
Start importing Assets/Scenes/SampleScene.unity using Guid(9fc0d4010bbf28b4594072e72b8655ab) Importer(815301076,1909f56bfc062723c751e8b465ee728b)  -> (artifact id: '96f3cab760f2126e8bbc8a3aadad9b1a') in 0.001503 seconds
  Import took 0.003428 seconds .

AssetImportWorkerClient::OnTransportError - code=2 error=End of file
